,04/25/13,06:19:59,06:35:16,0:15:17,2,fmenu,D:\Mes Projets\Gold Gestion des piges\fmenu.wdw
,04/25/13,06:35:20,06:37:19,0:1:59,2,fmenu,D:\Mes Projets\Gold Gestion des piges\fmenu.wdw
,04/25/13,06:37:36,06:38:09,0:0:33,2,fmenu,D:\Mes Projets\Gold Gestion des piges\fmenu.wdw
,04/25/13,06:38:27,06:39:11,0:0:44,2,fmenu,D:\Mes Projets\Gold Gestion des piges\fmenu.wdw
,04/25/13,06:39:27,06:44:42,0:5:15,2,fmenu,D:\Mes Projets\Gold Gestion des piges\fmenu.wdw
,04/25/13,06:45:19,06:45:37,0:0:18,2,fmenu,D:\Mes Projets\Gold Gestion des piges\fmenu.wdw
,04/25/13,06:46:07,06:46:17,0:0:10,2,fmenu,D:\Mes Projets\Gold Gestion des piges\fmenu.wdw
,04/25/13,06:46:33,06:47:15,0:0:42,2,fmenu,D:\Mes Projets\Gold Gestion des piges\fmenu.wdw
,04/25/13,06:49:18,06:55:54,0:6:36,2,fmenu,D:\Mes Projets\Gold Gestion des piges\fmenu.wdw
,04/25/13,06:56:19,06:56:38,0:0:19,2,fmenu,D:\Mes Projets\Gold Gestion des piges\fmenu.wdw
,04/25/13,06:57:26,07:04:18,0:6:52,2,fmenu,D:\Mes Projets\Gold Gestion des piges\fmenu.wdw
,04/25/13,07:05:31,07:09:07,0:3:36,2,fmenu,D:\Mes Projets\Gold Gestion des piges\fmenu.wdw
,04/25/13,07:09:32,07:11:14,0:1:42,2,fmenu,D:\Mes Projets\Gold Gestion des piges\fmenu.wdw
,04/25/13,07:14:55,07:15:59,0:1:4,2,fmenu,D:\Mes Projets\Gold Gestion des piges\fmenu.wdw
,04/25/13,07:16:09,07:32:02,0:15:53,2,fmenu,D:\Mes Projets\Gold Gestion des piges\fmenu.wdw
,04/25/13,07:32:18,07:32:40,0:0:22,2,fmenu,D:\Mes Projets\Gold Gestion des piges\fmenu.wdw
,04/25/13,07:37:13,07:37:31,0:0:18,2,fmenu,D:\Mes Projets\Gold Gestion des piges\fmenu.wdw
,04/25/13,07:38:07,08:13:11,0:35:4,2,fmenu,D:\Mes Projets\Gold Gestion des piges\fmenu.wdw
,04/25/13,06:19:23,08:13:11,1:53:48,2,fmenu,D:\Mes Projets\Gold Gestion des piges\fmenu.wdw
,04/25/13,06:05:31,08:13:12,2:7:41,7,Procedures globales de Gold Gestion des piges,D:\Mes Projets\Gold Gestion des piges\Procedures globales de Gold Gestion des piges.wdg
,04/25/13,06:04:53,08:13:13,2:8:20,1,Gold Gestion des piges,D:\Mes Projets\Gold Gestion des piges\Gold Gestion des piges.WDP
,04/25/13,08:29:22,08:29:39,0:0:17,2,fmenu,D:\Mes Projets\Gold Gestion des piges\fmenu.wdw
,04/25/13,08:29:39,09:21:59,0:52:20,2,fmenu,D:\Mes Projets\Gold Gestion des piges\fmenu.wdw
,04/25/13,09:32:22,09:41:22,0:9:0,2,fmenu,D:\Mes Projets\Gold Gestion des piges\fmenu.wdw
,04/25/13,09:41:59,09:55:05,0:13:6,5,REQ_seldiffusion,D:\Mes Projets\Gold Gestion des piges\REQ_seldiffusion.WDR
,04/25/13,09:55:05,10:04:57,0:9:52,2,fmenu,D:\Mes Projets\Gold Gestion des piges\fmenu.wdw
,04/25/13,08:29:20,10:08:27,1:39:7,2,fmenu,D:\Mes Projets\Gold Gestion des piges\fmenu.wdw
,04/25/13,08:29:20,10:08:27,1:39:7,7,Procedures globales de Gold Gestion des piges,D:\Mes Projets\Gold Gestion des piges\Procedures globales de Gold Gestion des piges.wdg
,04/25/13,09:41:28,10:08:27,0:26:59,5,REQ_seldiffusion,D:\Mes Projets\Gold Gestion des piges\REQ_seldiffusion.WDR
,04/25/13,08:29:20,10:08:28,1:39:8,1,Gold Gestion des piges,D:\Mes Projets\Gold Gestion des piges\Gold Gestion des piges.WDP
,04/30/13,09:25:47,09:26:04,0:0:17,2,fmenu,D:\Mes Projets\Gold Gestion des piges\fmenu.wdw
,04/30/13,09:30:11,09:30:23,0:0:12,2,fmenu,D:\Mes Projets\Gold Gestion des piges\fmenu.wdw
,04/30/13,09:30:24,09:32:32,0:2:8,2,fmenu,D:\Mes Projets\Gold Gestion des piges\fmenu.wdw
,04/30/13,09:34:51,09:38:28,0:3:37,2,fmenu,D:\Mes Projets\Gold Gestion des piges\fmenu.wdw
,04/30/13,09:38:37,09:38:49,0:0:12,2,fmenu,D:\Mes Projets\Gold Gestion des piges\fmenu.wdw
,04/30/13,09:40:57,09:56:08,0:15:11,2,fmenu,D:\Mes Projets\Gold Gestion des piges\fmenu.wdw
,04/30/13,10:00:23,10:01:10,0:0:47,5,REQ_selmarque,D:\Mes Projets\Gold Gestion des piges\REQ_selmarque.WDR
,04/30/13,10:01:10,10:01:36,0:0:26,5,REQ_seldiffusion,D:\Mes Projets\Gold Gestion des piges\REQ_seldiffusion.WDR
,04/30/13,10:01:36,10:02:00,0:0:24,5,REQ_selmarque,D:\Mes Projets\Gold Gestion des piges\REQ_selmarque.WDR
,04/30/13,10:02:00,10:02:19,0:0:19,5,REQ_selsecteuract,D:\Mes Projets\Gold Gestion des piges\REQ_selsecteuract.WDR
,04/30/13,10:02:19,10:02:40,0:0:21,5,REQ_spot,D:\Mes Projets\Gold Gestion des piges\REQ_spot.WDR
,04/30/13,10:02:40,10:03:01,0:0:21,5,REQ_support,D:\Mes Projets\Gold Gestion des piges\REQ_support.WDR
,04/30/13,10:03:01,10:03:18,0:0:17,5,REQ_seltranche,D:\Mes Projets\Gold Gestion des piges\REQ_seltranche.WDR
,04/30/13,10:03:18,10:03:28,0:0:10,5,REQ_selspot,D:\Mes Projets\Gold Gestion des piges\REQ_selspot.WDR
,04/30/13,09:25:45,10:03:50,0:38:5,2,fmenu,D:\Mes Projets\Gold Gestion des piges\fmenu.wdw
,04/30/13,09:25:45,10:03:50,0:38:5,7,Procedures globales de Gold Gestion des piges,D:\Mes Projets\Gold Gestion des piges\Procedures globales de Gold Gestion des piges.wdg
,04/30/13,09:25:45,10:03:50,0:38:5,5,REQ_seldiffusion,D:\Mes Projets\Gold Gestion des piges\REQ_seldiffusion.WDR
,04/30/13,09:57:26,10:03:50,0:6:24,5,REQ_selmarque,D:\Mes Projets\Gold Gestion des piges\REQ_selmarque.WDR
,04/30/13,10:01:50,10:03:50,0:2:0,5,REQ_selsecteuract,D:\Mes Projets\Gold Gestion des piges\REQ_selsecteuract.WDR
,04/30/13,10:02:49,10:03:50,0:1:1,5,REQ_seltranche,D:\Mes Projets\Gold Gestion des piges\REQ_seltranche.WDR
,04/30/13,09:25:44,10:03:51,0:38:7,1,Gold Gestion des piges,D:\Mes Projets\Gold Gestion des piges\Gold Gestion des piges.WDP
,04/30/13,10:03:54,10:04:10,0:0:16,2,fmenu,D:\Mes Projets\Gold Gestion des piges\fmenu.wdw
,04/30/13,10:04:16,10:04:47,0:0:31,5,REQ_seldiffusion,D:\Mes Projets\Gold Gestion des piges\REQ_seldiffusion.WDR
,04/30/13,10:04:47,10:05:05,0:0:18,2,fmenu,D:\Mes Projets\Gold Gestion des piges\fmenu.wdw
,04/30/13,10:11:43,10:12:10,0:0:27,2,fmenu,D:\Mes Projets\Gold Gestion des piges\fmenu.wdw
,04/30/13,10:12:20,10:17:41,0:5:21,5,REQ_seldiffusion,D:\Mes Projets\Gold Gestion des piges\REQ_seldiffusion.WDR
,04/30/13,10:17:41,10:21:55,0:4:14,3,Etat_Situation_des_diffusions,
,04/30/13,10:22:01,10:23:43,0:1:42,3,Etat_Situation_des_diffusions,D:\Mes Projets\Gold Gestion des piges\Etat_Situation_des_diffusions.wde
,04/30/13,10:23:43,10:24:03,0:0:20,2,fmenu,D:\Mes Projets\Gold Gestion des piges\fmenu.wdw
,04/30/13,10:24:16,10:27:34,0:3:18,3,Etat_Situation_des_diffusions,D:\Mes Projets\Gold Gestion des piges\Etat_Situation_des_diffusions.wde
,04/30/13,10:27:34,10:27:52,0:0:18,5,REQ_seldiffusion,D:\Mes Projets\Gold Gestion des piges\REQ_seldiffusion.WDR
,04/30/13,10:27:52,10:28:17,0:0:25,3,Etat_Situation_des_diffusions,D:\Mes Projets\Gold Gestion des piges\Etat_Situation_des_diffusions.wde
,04/30/13,10:38:15,10:45:23,0:7:8,3,Etat_Situation_des_diffusions,D:\Mes Projets\Gold Gestion des piges\Etat_Situation_des_diffusions.wde
,04/30/13,10:47:32,10:51:00,0:3:28,3,Etat_Situation_des_diffusions,D:\Mes Projets\Gold Gestion des piges\Etat_Situation_des_diffusions.wde
,04/30/13,10:51:22,10:51:37,0:0:15,3,Etat_Situation_des_diffusions,D:\Mes Projets\Gold Gestion des piges\Etat_Situation_des_diffusions.wde
,04/30/13,10:51:49,10:52:27,0:0:38,2,fmenu,D:\Mes Projets\Gold Gestion des piges\fmenu.wdw
,04/30/13,10:52:27,10:55:03,0:2:36,3,Etat_Situation_des_diffusions,D:\Mes Projets\Gold Gestion des piges\Etat_Situation_des_diffusions.wde
,04/30/13,10:55:03,10:56:20,0:1:17,2,fmenu,D:\Mes Projets\Gold Gestion des piges\fmenu.wdw
,04/30/13,10:56:58,10:57:38,0:0:40,2,fmenu,D:\Mes Projets\Gold Gestion des piges\fmenu.wdw
,04/30/13,10:57:38,11:08:05,0:10:27,3,Etat_Situation_des_diffusions,D:\Mes Projets\Gold Gestion des piges\Etat_Situation_des_diffusions.wde
,04/30/13,11:09:58,11:10:57,0:0:59,3,Etat_Situation_des_diffusions,D:\Mes Projets\Gold Gestion des piges\Etat_Situation_des_diffusions.wde
,04/30/13,11:10:57,11:18:29,0:7:32,2,fmenu,D:\Mes Projets\Gold Gestion des piges\fmenu.wdw
,04/30/13,11:18:29,11:20:32,0:2:3,3,Etat_Situation_des_diffusions,D:\Mes Projets\Gold Gestion des piges\Etat_Situation_des_diffusions.wde
,04/30/13,11:21:12,11:21:38,0:0:26,3,Etat_Situation_des_diffusions,D:\Mes Projets\Gold Gestion des piges\Etat_Situation_des_diffusions.wde
,04/30/13,11:23:48,11:34:12,0:10:24,3,Etat_Situation_financiere_des_diffusions,D:\Mes Projets\Gold Gestion des piges\Etat_Situation_financiere_des_diffusions.wde
,04/30/13,11:34:12,11:36:04,0:1:52,3,Etat_Situation_des_diffusions,D:\Mes Projets\Gold Gestion des piges\Etat_Situation_des_diffusions.wde
,04/30/13,11:37:26,11:38:37,0:1:11,3,Etat_Situation_des_diffusions,D:\Mes Projets\Gold Gestion des piges\Etat_Situation_des_diffusions.wde
,04/30/13,11:38:38,11:38:51,0:0:13,3,Etat_Situation_des_diffusions,D:\Mes Projets\Gold Gestion des piges\Etat_Situation_des_diffusions.wde
,04/30/13,11:39:07,11:42:27,0:3:20,3,Etat_Situation_des_diffusions,D:\Mes Projets\Gold Gestion des piges\Etat_Situation_des_diffusions.wde
,04/30/13,11:42:32,13:21:39,1:39:7,2,fmenu,D:\Mes Projets\Gold Gestion des piges\fmenu.wdw
,04/30/13,13:21:39,13:22:44,0:1:5,3,Etat_Liste_des_supports,D:\Mes Projets\Gold Gestion des piges\Etat_Liste_des_supports.wde
,04/30/13,13:22:44,13:22:57,0:0:13,5,REQ_seltranche,D:\Mes Projets\Gold Gestion des piges\REQ_seltranche.WDR
,04/30/13,13:22:58,13:24:00,0:1:2,5,REQ_selmarque,D:\Mes Projets\Gold Gestion des piges\REQ_selmarque.WDR
,04/30/13,13:24:00,13:26:04,0:2:4,5,REQ_selspot,D:\Mes Projets\Gold Gestion des piges\REQ_selspot.WDR
,04/30/13,13:26:04,13:28:51,0:2:47,3,Etat_Liste_des_tranches_par_support,D:\Mes Projets\Gold Gestion des piges\Etat_Liste_des_tranches_par_support.wde
,04/30/13,13:28:52,13:29:04,0:0:12,5,REQ_selspot,D:\Mes Projets\Gold Gestion des piges\REQ_selspot.WDR
,04/30/13,13:29:04,13:29:15,0:0:11,5,REQ_selsupport,D:\Mes Projets\Gold Gestion des piges\REQ_selsupport.WDR
,04/30/13,13:29:15,13:29:26,0:0:11,5,REQ_spot,D:\Mes Projets\Gold Gestion des piges\REQ_spot.WDR
,04/30/13,13:29:26,13:30:07,0:0:41,5,REQ_selspot,D:\Mes Projets\Gold Gestion des piges\REQ_selspot.WDR
,04/30/13,13:30:07,13:33:47,0:3:40,3,Etat_Liste_des_spots,D:\Mes Projets\Gold Gestion des piges\Etat_Liste_des_spots.wde
,04/30/13,13:33:51,13:34:14,0:0:23,5,REQ_selsecteuract,D:\Mes Projets\Gold Gestion des piges\REQ_selsecteuract.WDR
,04/30/13,13:34:14,13:34:52,0:0:38,3,Etat_Liste_des_secteurs_d_acitvités,D:\Mes Projets\Gold Gestion des piges\Etat_Liste_des_secteurs_d_acitvites.wde
,04/30/13,13:34:54,13:35:55,0:1:1,3,,
,04/30/13,13:34:52,13:37:49,0:2:57,5,REQ_selmarque,D:\Mes Projets\Gold Gestion des piges\REQ_selmarque.WDR
,04/30/13,13:37:49,13:39:30,0:1:41,3,Etat_Liste_des_marques_par_secteur_d_activité,D:\Mes Projets\Gold Gestion des piges\Etat_Liste_des_marques_par_secteur_d_activite.wde
,04/30/13,13:39:30,13:39:46,0:0:16,5,REQ_selspot,D:\Mes Projets\Gold Gestion des piges\REQ_selspot.WDR
,04/30/13,13:40:01,13:40:21,0:0:20,2,fmenu,D:\Mes Projets\Gold Gestion des piges\fmenu.wdw
,04/30/13,13:42:23,13:42:43,0:0:20,2,fmenu,D:\Mes Projets\Gold Gestion des piges\fmenu.wdw
,04/30/13,13:45:23,13:45:45,0:0:22,2,fmenu,D:\Mes Projets\Gold Gestion des piges\fmenu.wdw
,04/30/13,13:47:00,13:48:30,0:1:30,2,fmenu,D:\Mes Projets\Gold Gestion des piges\fmenu.wdw
,04/30/13,13:48:30,13:48:42,0:0:12,3,Etat_Liste_des_marques_par_secteur_d_activité,D:\Mes Projets\Gold Gestion des piges\Etat_Liste_des_marques_par_secteur_d_activite.wde
,04/30/13,13:50:52,13:57:18,0:6:26,2,fmenu,D:\Mes Projets\Gold Gestion des piges\fmenu.wdw
,04/30/13,13:57:49,13:58:11,0:0:22,2,fmenu,D:\Mes Projets\Gold Gestion des piges\fmenu.wdw
,04/30/13,13:58:18,13:58:35,0:0:17,2,fmenu,D:\Mes Projets\Gold Gestion des piges\fmenu.wdw
,04/30/13,13:59:46,14:00:56,0:1:10,2,fmenu,D:\Mes Projets\Gold Gestion des piges\fmenu.wdw
,04/30/13,14:01:06,14:01:47,0:0:41,2,fmenu,D:\Mes Projets\Gold Gestion des piges\fmenu.wdw
,04/30/13,14:07:43,14:15:48,0:8:5,2,fmenu,D:\Mes Projets\Gold Gestion des piges\fmenu.wdw
,04/30/13,11:42:28,14:15:48,2:33:20,3,Etat_Situation_financiere_des_diffusions,D:\Mes Projets\Gold Gestion des piges\Etat_Situation_financiere_des_diffusions.wde
,04/30/13,10:03:54,14:15:48,4:11:54,2,fmenu,D:\Mes Projets\Gold Gestion des piges\fmenu.wdw
,04/30/13,10:03:54,14:15:48,4:11:54,7,Procedures globales de Gold Gestion des piges,D:\Mes Projets\Gold Gestion des piges\Procedures globales de Gold Gestion des piges.wdg
,04/30/13,13:21:09,14:15:48,0:54:39,3,Etat_Liste_des_supports,D:\Mes Projets\Gold Gestion des piges\Etat_Liste_des_supports.wde
,04/30/13,13:25:06,14:15:48,0:50:42,3,Etat_Liste_des_tranches_par_support,D:\Mes Projets\Gold Gestion des piges\Etat_Liste_des_tranches_par_support.wde
,04/30/13,13:29:31,14:15:48,0:46:17,3,Etat_Liste_des_spots,D:\Mes Projets\Gold Gestion des piges\Etat_Liste_des_spots.wde
,04/30/13,13:33:53,14:15:48,0:41:55,3,Etat_Liste_des_secteurs_d_acitvités,D:\Mes Projets\Gold Gestion des piges\Etat_Liste_des_secteurs_d_acitvites.wde
,04/30/13,13:36:10,14:15:48,0:39:38,3,Etat_Liste_des_marques_par_secteur_d_activité,D:\Mes Projets\Gold Gestion des piges\Etat_Liste_des_marques_par_secteur_d_activite.wde
,04/30/13,10:17:30,14:15:48,3:58:18,3,Default,D:\WinDev 10\Programmes\Donnees\Modeles\Etat\Default.wde
,04/30/13,10:03:54,14:15:48,4:11:54,1,Gold Gestion des piges,D:\Mes Projets\Gold Gestion des piges\Gold Gestion des piges.WDP
,04/30/13,14:17:47,14:18:02,0:0:15,2,fmenu,D:\Mes Projets\Gold Gestion des piges\fmenu.wdw
,04/30/13,14:19:00,14:19:56,0:0:56,2,fmenu,D:\Mes Projets\Gold Gestion des piges\fmenu.wdw
,04/30/13,14:21:03,14:21:24,0:0:21,3,Etat_Liste_des_supports,D:\Mes Projets\Gold Gestion des piges\Etat_Liste_des_supports.wde
,04/30/13,14:22:08,14:22:40,0:0:32,3,Etat_Liste_des_supports,D:\Mes Projets\Gold Gestion des piges\Etat_Liste_des_supports.wde
,04/30/13,14:22:40,14:22:52,0:0:12,2,fmenu,D:\Mes Projets\Gold Gestion des piges\fmenu.wdw
,04/30/13,14:23:08,14:27:50,0:4:42,2,fmenu,D:\Mes Projets\Gold Gestion des piges\fmenu.wdw
,04/30/13,14:28:17,14:28:35,0:0:18,2,fmenu,D:\Mes Projets\Gold Gestion des piges\fmenu.wdw
,04/30/13,14:28:35,14:29:11,0:0:36,3,Etat_Liste_des_supports,D:\Mes Projets\Gold Gestion des piges\Etat_Liste_des_supports.wde
,04/30/13,14:29:16,14:29:28,0:0:12,2,fmenu,D:\Mes Projets\Gold Gestion des piges\fmenu.wdw
,04/30/13,14:30:13,14:30:38,0:0:25,3,Etat_Liste_des_supports,D:\Mes Projets\Gold Gestion des piges\Etat_Liste_des_supports.wde
,04/30/13,14:30:46,14:32:24,0:1:38,3,Etat_Liste_des_supports,D:\Mes Projets\Gold Gestion des piges\Etat_Liste_des_supports.wde
,04/30/13,14:32:26,14:32:55,0:0:29,3,Etat_Liste_des_supports,D:\Mes Projets\Gold Gestion des piges\Etat_Liste_des_supports.wde
,04/30/13,14:32:55,14:33:05,0:0:10,2,fmenu,D:\Mes Projets\Gold Gestion des piges\fmenu.wdw
,04/30/13,14:33:18,14:34:32,0:1:14,2,fmenu,D:\Mes Projets\Gold Gestion des piges\fmenu.wdw
,04/30/13,14:34:44,14:35:29,0:0:45,3,Etat_Liste_des_tranches_par_support,D:\Mes Projets\Gold Gestion des piges\Etat_Liste_des_tranches_par_support.wde
,04/30/13,14:35:29,14:36:12,0:0:43,3,Etat_Liste_des_spots,D:\Mes Projets\Gold Gestion des piges\Etat_Liste_des_spots.wde
,04/30/13,14:36:12,14:36:59,0:0:47,3,Etat_Liste_des_secteurs_d_acitvités,D:\Mes Projets\Gold Gestion des piges\Etat_Liste_des_secteurs_d_acitvites.wde
,04/30/13,14:37:06,14:37:59,0:0:53,3,Etat_Liste_des_marques_par_secteur_d_activité,D:\Mes Projets\Gold Gestion des piges\Etat_Liste_des_marques_par_secteur_d_activite.wde
,04/30/13,14:37:59,14:38:11,0:0:12,3,Etat_Situation_financiere_des_diffusions,D:\Mes Projets\Gold Gestion des piges\Etat_Situation_financiere_des_diffusions.wde
,04/30/13,14:38:19,14:38:50,0:0:31,3,Etat_Situation_financiere_des_diffusions,D:\Mes Projets\Gold Gestion des piges\Etat_Situation_financiere_des_diffusions.wde
,04/30/13,14:38:50,14:40:05,0:1:15,3,Etat_Situation_des_diffusions,D:\Mes Projets\Gold Gestion des piges\Etat_Situation_des_diffusions.wde
,04/30/13,14:33:14,14:40:06,0:6:52,5,REQ_selmarque,D:\Mes Projets\Gold Gestion des piges\REQ_selmarque.WDR
,04/30/13,14:33:12,14:40:06,0:6:54,5,REQ_selsecteuract,D:\Mes Projets\Gold Gestion des piges\REQ_selsecteuract.WDR
,04/30/13,14:33:11,14:40:06,0:6:55,5,REQ_seltranche,D:\Mes Projets\Gold Gestion des piges\REQ_seltranche.WDR
,04/30/13,14:33:09,14:40:07,0:6:58,5,REQ_selspot,D:\Mes Projets\Gold Gestion des piges\REQ_selspot.WDR
,04/30/13,14:33:07,14:40:09,0:7:2,5,REQ_selsupport,D:\Mes Projets\Gold Gestion des piges\REQ_selsupport.WDR
,04/30/13,14:17:46,14:40:09,0:22:23,2,fmenu,D:\Mes Projets\Gold Gestion des piges\fmenu.wdw
,04/30/13,14:34:39,14:40:10,0:5:31,5,REQ_seldiffusion,D:\Mes Projets\Gold Gestion des piges\REQ_seldiffusion.WDR
,04/30/13,14:40:10,14:43:17,0:3:7,1,Gold Gestion des piges,D:\Mes Projets\Gold Gestion des piges\Gold Gestion des piges.WDP
,04/30/13,14:43:17,14:57:51,0:14:34,2,fmenu,D:\Mes Projets\Gold Gestion des piges\fmenu.wdw
,04/30/13,14:43:17,14:57:51,0:14:34,2,fmenu,D:\Mes Projets\Gold Gestion des piges\fmenu.wdw
,04/30/13,14:17:46,14:57:51,0:40:5,7,Procedures globales de Gold Gestion des piges,D:\Mes Projets\Gold Gestion des piges\Procedures globales de Gold Gestion des piges.wdg
,04/30/13,14:17:46,14:57:51,0:40:5,1,Gold Gestion des piges,D:\Mes Projets\Gold Gestion des piges\Gold Gestion des piges.WDP
,04/30/13,15:00:06,15:00:40,0:0:34,2,fmenu,D:\Mes Projets\Gold Gestion des piges\fmenu.wdw
,04/30/13,15:02:19,15:02:31,0:0:12,2,fmenu,D:\Mes Projets\Gold Gestion des piges\fmenu.wdw
,04/30/13,15:00:05,15:06:14,0:6:9,2,fmenu,D:\Mes Projets\Gold Gestion des piges\fmenu.wdw
,04/30/13,15:00:05,15:06:14,0:6:9,7,Procedures globales de Gold Gestion des piges,D:\Mes Projets\Gold Gestion des piges\Procedures globales de Gold Gestion des piges.wdg
,04/30/13,15:00:05,15:06:15,0:6:10,1,Gold Gestion des piges,D:\Mes Projets\Gold Gestion des piges\Gold Gestion des piges.WDP
,10/17/19,08:19:54,08:22:44,0:2:50,1,Gold Gestion des piges,E:\Gold Gestion des piges\Gold Gestion des piges.WDP
,10/17/19,08:22:44,08:24:05,0:1:21,2,fmenu,E:\Gold Gestion des piges\fmenu.wdw
,10/17/19,08:19:54,12:36:41,220:16:47,7,Procedures globales de Gold Gestion des piges,E:\Gold Gestion des piges\Procedures globales de Gold Gestion des piges.wdg
,10/17/19,08:19:38,12:36:41,220:17:3,1,Gold Gestion des piges,E:\Gold Gestion des piges\Gold Gestion des piges.WDP
,02/14/21,16:49:20,16:54:00,0:4:40,2,fmenu,E:\Gold Gestion des piges\fmenu.wdw
,02/14/21,16:49:19,16:54:00,0:4:41,7,Procedures globales de Gold Gestion des piges,E:\Gold Gestion des piges\Procedures globales de Gold Gestion des piges.wdg
,02/14/21,16:49:18,16:54:00,0:4:42,1,Gold Gestion des piges,E:\Gold Gestion des piges\Gold Gestion des piges.WDP
